<?xml version="1.0" encoding="UTF-8"?>
<!-- Generated by org.testng.reporters.JUnitReportReporter -->
<testsuite skipped="0" hostname="bobo-VirtualBox" name="telco.TestCases.ProjectsTests" tests="1" failures="0" timestamp="01 Aug 2018 07:20:47 GMT" time="0.066" errors="0">
  <testcase name="openNetworksPageTest" time="0.066" classname="telco.TestCases.ProjectsTests"/>
</testsuite> <!-- telco.TestCases.ProjectsTests -->
