<?xml version="1.0" encoding="UTF-8"?>
<!-- Generated by org.testng.reporters.JUnitReportReporter -->
<testsuite skipped="0" hostname="bobo-VirtualBox" name="telco.TestCases.TelcoGetRequests" tests="12" failures="0" timestamp="02 Aug 2018 12:41:23 GMT" time="14.800" errors="0">
  <testcase name="getNetworksPage_InvalidUrl_ReturnError" time="0.290" classname="telco.TestCases.TelcoGetRequests"/>
  <testcase name="getOpenNonExistenProjectDetail_OpenProjectsPage" time="1.210" classname="telco.TestCases.TelcoGetRequests"/>
  <testcase name="getOpenNonExistenNetworkSubnetsForm_OpenNetworksPage" time="1.995" classname="telco.TestCases.TelcoGetRequests"/>
  <testcase name="getOpenAdminProject" time="0.634" classname="telco.TestCases.TelcoGetRequests"/>
  <testcase name="getOpenNonExistenNetworkDetail_OpenNetworksPage" time="1.193" classname="telco.TestCases.TelcoGetRequests"/>
  <testcase name="getOpenTestNetworkSubnetsForm" time="0.712" classname="telco.TestCases.TelcoGetRequests"/>
  <testcase name="getNetworksPage" time="1.135" classname="telco.TestCases.TelcoGetRequests"/>
  <testcase name="getOpenNonExistenNetworkPortForm_OpenNetworksPage" time="1.140" classname="telco.TestCases.TelcoGetRequests"/>
  <testcase name="getCreateNetworkForm_InvalidUrl" time="0.286" classname="telco.TestCases.TelcoGetRequests"/>
  <testcase name="getOpenTestNetworkPortForm" time="1.753" classname="telco.TestCases.TelcoGetRequests"/>
  <testcase name="getCreateNetworkForm" time="3.533" classname="telco.TestCases.TelcoGetRequests"/>
  <testcase name="getOpenTestNetwork" time="0.919" classname="telco.TestCases.TelcoGetRequests"/>
</testsuite> <!-- telco.TestCases.TelcoGetRequests -->
